<?xml version="1.0" encoding="UTF-8"?>
<coverage generated="1675517999">
  <project timestamp="1675517999">
    <file name="/opt/Projects/PhpPlaisio/config-vault-plain-file/src/FileConfigVault.php">
      <class name="Plaisio\ConfigVault\FileConfigVault" namespace="global">
        <metrics complexity="21" methods="15" coveredmethods="15" conditionals="0" coveredconditionals="0" statements="35" coveredstatements="35" elements="50" coveredelements="50"/>
      </class>
      <line num="35" type="method" name="__construct" visibility="public" complexity="4" crap="4" count="7"/>
      <line num="37" type="stmt" count="7"/>
      <line num="39" type="stmt" count="7"/>
      <line num="40" type="stmt" count="7"/>
      <line num="42" type="stmt" count="1"/>
      <line num="45" type="stmt" count="6"/>
      <line num="46" type="stmt" count="6"/>
      <line num="48" type="stmt" count="1"/>
      <line num="61" type="method" name="getBool" visibility="public" complexity="1" crap="1" count="1"/>
      <line num="63" type="stmt" count="1"/>
      <line num="74" type="method" name="getDomain" visibility="public" complexity="2" crap="2" count="2"/>
      <line num="77" type="stmt" count="2"/>
      <line num="79" type="stmt" count="1"/>
      <line num="82" type="stmt" count="2"/>
      <line num="94" type="method" name="getFloat" visibility="public" complexity="1" crap="1" count="1"/>
      <line num="96" type="stmt" count="1"/>
      <line num="108" type="method" name="getInt" visibility="public" complexity="1" crap="1" count="1"/>
      <line num="110" type="stmt" count="1"/>
      <line num="122" type="method" name="getString" visibility="public" complexity="1" crap="1" count="3"/>
      <line num="124" type="stmt" count="3"/>
      <line num="137" type="method" name="putBool" visibility="public" complexity="1" crap="1" count="1"/>
      <line num="139" type="stmt" count="1"/>
      <line num="152" type="method" name="putFloat" visibility="public" complexity="1" crap="1" count="1"/>
      <line num="154" type="stmt" count="1"/>
      <line num="167" type="method" name="putInt" visibility="public" complexity="1" crap="1" count="1"/>
      <line num="169" type="stmt" count="1"/>
      <line num="182" type="method" name="putString" visibility="public" complexity="1" crap="1" count="5"/>
      <line num="184" type="stmt" count="5"/>
      <line num="195" type="method" name="unsetDomain" visibility="public" complexity="1" crap="1" count="1"/>
      <line num="197" type="stmt" count="1"/>
      <line num="199" type="stmt" count="1"/>
      <line num="211" type="method" name="unsetKey" visibility="public" complexity="1" crap="1" count="1"/>
      <line num="213" type="stmt" count="1"/>
      <line num="215" type="stmt" count="1"/>
      <line num="227" type="method" name="getValue" visibility="private" complexity="3" crap="3" count="3"/>
      <line num="230" type="stmt" count="3"/>
      <line num="232" type="stmt" count="1"/>
      <line num="236" type="stmt" count="2"/>
      <line num="238" type="stmt" count="1"/>
      <line num="239" type="stmt" count="1"/>
      <line num="240" type="stmt" count="1"/>
      <line num="241" type="stmt" count="1"/>
      <line num="244" type="stmt" count="1"/>
      <line num="257" type="method" name="putValue" visibility="private" complexity="1" crap="1" count="5"/>
      <line num="259" type="stmt" count="5"/>
      <line num="262" type="stmt" count="5"/>
      <line num="263" type="stmt" count="5"/>
      <line num="265" type="stmt" count="5"/>
      <line num="272" type="method" name="save" visibility="private" complexity="1" crap="1" count="5"/>
      <line num="274" type="stmt" count="5"/>
      <metrics loc="281" ncloc="130" classes="1" methods="15" coveredmethods="15" conditionals="0" coveredconditionals="0" statements="35" coveredstatements="35" elements="50" coveredelements="50"/>
    </file>
    <metrics files="1" loc="281" ncloc="130" classes="1" methods="15" coveredmethods="15" conditionals="0" coveredconditionals="0" statements="35" coveredstatements="35" elements="50" coveredelements="50"/>
  </project>
</coverage>
